<?xml version="1.0" encoding="UTF-8"?>
<!-- Generated by org.testng.reporters.JUnitXMLReporter -->
<testsuite hostname="Dell" name="RegressionSuiteTest" tests="4" failures="0" timestamp="18 Apr 2018 01:41:11 GMT" time="88.795" errors="0">
  <testcase name="testHomePage" time="13.655" classname="testcases.VerifyLoginPageWithReport2"/>
  <testcase name="testHomePage" time="11.65" classname="testcases.VerifyLoginPage"/>
  <testcase name="testHomePage" time="10.313" classname="testcases.VerifyLoginPageWithReport"/>
  <testcase name="testHomePage" time="10.671" classname="testcases.VerifyHomePage"/>
</testsuite> <!-- RegressionSuiteTest -->
