<?xml version="1.0" encoding="UTF-8"?>
<testng-results skipped="0" failed="0" total="4" passed="4">
  <reporter-output>
  </reporter-output>
  <suite name="RegressionSuite" duration-ms="88795" started-at="2018-04-18T01:39:42Z" finished-at="2018-04-18T01:41:11Z">
    <groups>
    </groups>
    <test name="RegressionSuiteTest" duration-ms="88795" started-at="2018-04-18T01:39:42Z" finished-at="2018-04-18T01:41:11Z">
      <class name="testcases.VerifyLoginPageWithReport">
        <test-method status="PASS" signature="setUp()[pri:0, instance:testcases.VerifyLoginPageWithReport@59f99ea]" name="setUp" is-config="true" duration-ms="9171" started-at="2018-04-17T21:40:31Z" finished-at="2018-04-17T21:40:40Z">
          <reporter-output>
          </reporter-output>
        </test-method> <!-- setUp -->
        <test-method status="PASS" signature="testHomePage()[pri:0, instance:testcases.VerifyLoginPageWithReport@59f99ea]" name="testHomePage" duration-ms="10313" started-at="2018-04-17T21:40:40Z" finished-at="2018-04-17T21:40:50Z">
          <reporter-output>
          </reporter-output>
        </test-method> <!-- testHomePage -->
        <test-method status="PASS" signature="tearDown(org.testng.ITestResult)[pri:0, instance:testcases.VerifyLoginPageWithReport@59f99ea]" name="tearDown" is-config="true" duration-ms="657" started-at="2018-04-17T21:40:50Z" finished-at="2018-04-17T21:40:51Z">
          <params>
            <param index="0">
              <value>
                <![CDATA[[TestResult name=testHomePage status=SUCCESS method=VerifyLoginPageWithReport.testHomePage()[pri:0, instance:testcases.VerifyLoginPageWithReport@59f99ea] output={null}]]]>
              </value>
            </param>
          </params>
          <reporter-output>
          </reporter-output>
        </test-method> <!-- tearDown -->
      </class> <!-- testcases.VerifyLoginPageWithReport -->
      <class name="testcases.VerifyLoginPageWithReport2">
        <test-method status="PASS" signature="setUp()[pri:0, instance:testcases.VerifyLoginPageWithReport2@ae45eb6]" name="setUp" is-config="true" duration-ms="12300" started-at="2018-04-17T21:39:42Z" finished-at="2018-04-17T21:39:55Z">
          <reporter-output>
          </reporter-output>
        </test-method> <!-- setUp -->
        <test-method status="PASS" signature="testHomePage()[pri:0, instance:testcases.VerifyLoginPageWithReport2@ae45eb6]" name="testHomePage" duration-ms="13655" started-at="2018-04-17T21:39:55Z" finished-at="2018-04-17T21:40:08Z">
          <reporter-output>
          </reporter-output>
        </test-method> <!-- testHomePage -->
        <test-method status="PASS" signature="tearDown()[pri:0, instance:testcases.VerifyLoginPageWithReport2@ae45eb6]" name="tearDown" is-config="true" duration-ms="912" started-at="2018-04-17T21:40:08Z" finished-at="2018-04-17T21:40:09Z">
          <reporter-output>
          </reporter-output>
        </test-method> <!-- tearDown -->
      </class> <!-- testcases.VerifyLoginPageWithReport2 -->
      <class name="testcases.VerifyHomePage">
        <test-method status="PASS" signature="setUp()[pri:0, instance:testcases.VerifyHomePage@27efef64]" name="setUp" is-config="true" duration-ms="8904" started-at="2018-04-17T21:40:51Z" finished-at="2018-04-17T21:41:00Z">
          <reporter-output>
          </reporter-output>
        </test-method> <!-- setUp -->
        <test-method status="PASS" signature="testHomePage()[pri:0, instance:testcases.VerifyHomePage@27efef64]" name="testHomePage" duration-ms="10671" started-at="2018-04-17T21:41:00Z" finished-at="2018-04-17T21:41:10Z">
          <reporter-output>
          </reporter-output>
        </test-method> <!-- testHomePage -->
        <test-method status="PASS" signature="tearDown()[pri:0, instance:testcases.VerifyHomePage@27efef64]" name="tearDown" is-config="true" duration-ms="645" started-at="2018-04-17T21:41:10Z" finished-at="2018-04-17T21:41:11Z">
          <reporter-output>
          </reporter-output>
        </test-method> <!-- tearDown -->
      </class> <!-- testcases.VerifyHomePage -->
      <class name="testcases.VerifyLoginPage">
        <test-method status="PASS" signature="setUp()[pri:0, instance:testcases.VerifyLoginPage@14acaea5]" name="setUp" is-config="true" duration-ms="9306" started-at="2018-04-17T21:40:09Z" finished-at="2018-04-17T21:40:18Z">
          <reporter-output>
          </reporter-output>
        </test-method> <!-- setUp -->
        <test-method status="PASS" signature="testHomePage()[pri:0, instance:testcases.VerifyLoginPage@14acaea5]" name="testHomePage" duration-ms="11650" started-at="2018-04-17T21:40:18Z" finished-at="2018-04-17T21:40:30Z">
          <reporter-output>
          </reporter-output>
        </test-method> <!-- testHomePage -->
        <test-method status="PASS" signature="tearDown()[pri:0, instance:testcases.VerifyLoginPage@14acaea5]" name="tearDown" is-config="true" duration-ms="591" started-at="2018-04-17T21:40:30Z" finished-at="2018-04-17T21:40:31Z">
          <reporter-output>
          </reporter-output>
        </test-method> <!-- tearDown -->
      </class> <!-- testcases.VerifyLoginPage -->
    </test> <!-- RegressionSuiteTest -->
  </suite> <!-- RegressionSuite -->
</testng-results>
